17:15:57: [INFO] [/Users/User/Documents/WARG_Bootcamp/ishir-autonomy-bootcamp-2025-p2/modules/command/command_worker.py | command_worker | 50] Logger initialized
17:15:57: [INFO] [/Users/User/Documents/WARG_Bootcamp/ishir-autonomy-bootcamp-2025-p2/modules/command/command.py | run | 119] Average velocity: (0.0, 0.0, 4.0)
17:15:57: [INFO] [/Users/User/Documents/WARG_Bootcamp/ishir-autonomy-bootcamp-2025-p2/modules/command/command_worker.py | command_worker | 80] CHANGE ALTITUDE: 1
17:15:58: [INFO] [/Users/User/Documents/WARG_Bootcamp/ishir-autonomy-bootcamp-2025-p2/modules/command/command.py | run | 119] Average velocity: (0.0, 0.0, 1.0)
17:15:58: [INFO] [/Users/User/Documents/WARG_Bootcamp/ishir-autonomy-bootcamp-2025-p2/modules/command/command_worker.py | command_worker | 80] CHANGE ALTITUDE: -1
17:15:58: [INFO] [/Users/User/Documents/WARG_Bootcamp/ishir-autonomy-bootcamp-2025-p2/modules/command/command.py | run | 119] Average velocity: (0.0, 0.0, 0.6666666666666666)
17:15:59: [INFO] [/Users/User/Documents/WARG_Bootcamp/ishir-autonomy-bootcamp-2025-p2/modules/command/command.py | run | 119] Average velocity: (0.0, 0.0, 0.5)
17:15:59: [INFO] [/Users/User/Documents/WARG_Bootcamp/ishir-autonomy-bootcamp-2025-p2/modules/command/command.py | run | 119] Average velocity: (0.0, 0.0, 0.4)
17:16:00: [INFO] [/Users/User/Documents/WARG_Bootcamp/ishir-autonomy-bootcamp-2025-p2/modules/command/command.py | run | 119] Average velocity: (0.0, 0.0, 0.3333333333333333)
17:16:00: [INFO] [/Users/User/Documents/WARG_Bootcamp/ishir-autonomy-bootcamp-2025-p2/modules/command/command.py | run | 119] Average velocity: (0.0, 0.0, 0.2857142857142857)
17:16:01: [INFO] [/Users/User/Documents/WARG_Bootcamp/ishir-autonomy-bootcamp-2025-p2/modules/command/command.py | run | 119] Average velocity: (0.0, 2.5, 0.25)
17:16:01: [INFO] [/Users/User/Documents/WARG_Bootcamp/ishir-autonomy-bootcamp-2025-p2/modules/command/command_worker.py | command_worker | 80] CHANGE YAW: 63.434948822922024
17:16:01: [INFO] [/Users/User/Documents/WARG_Bootcamp/ishir-autonomy-bootcamp-2025-p2/modules/command/command.py | run | 119] Average velocity: (0.0, 4.444444444444445, 0.2222222222222222)
17:16:01: [INFO] [/Users/User/Documents/WARG_Bootcamp/ishir-autonomy-bootcamp-2025-p2/modules/command/command_worker.py | command_worker | 80] CHANGE YAW: 90.0
17:16:02: [INFO] [/Users/User/Documents/WARG_Bootcamp/ishir-autonomy-bootcamp-2025-p2/modules/command/command.py | run | 119] Average velocity: (0.0, 6.0, 0.2)
17:16:02: [INFO] [/Users/User/Documents/WARG_Bootcamp/ishir-autonomy-bootcamp-2025-p2/modules/command/command_worker.py | command_worker | 80] CHANGE YAW: 116.56505117707798
17:16:02: [INFO] [/Users/User/Documents/WARG_Bootcamp/ishir-autonomy-bootcamp-2025-p2/modules/command/command.py | run | 119] Average velocity: (1.8181818181818181, 5.454545454545454, 0.18181818181818182)
17:16:02: [INFO] [/Users/User/Documents/WARG_Bootcamp/ishir-autonomy-bootcamp-2025-p2/modules/command/command_worker.py | command_worker | 80] CHANGE YAW: 45.0
17:16:03: [INFO] [/Users/User/Documents/WARG_Bootcamp/ishir-autonomy-bootcamp-2025-p2/modules/command/command.py | run | 119] Average velocity: (3.3333333333333335, 5.0, 0.16666666666666666)
17:16:03: [INFO] [/Users/User/Documents/WARG_Bootcamp/ishir-autonomy-bootcamp-2025-p2/modules/command/command_worker.py | command_worker | 80] CHANGE YAW: 63.434948822922024
17:16:03: [INFO] [/Users/User/Documents/WARG_Bootcamp/ishir-autonomy-bootcamp-2025-p2/modules/command/command.py | run | 119] Average velocity: (4.615384615384615, 4.615384615384615, 0.15384615384615385)
17:16:03: [INFO] [/Users/User/Documents/WARG_Bootcamp/ishir-autonomy-bootcamp-2025-p2/modules/command/command_worker.py | command_worker | 80] CHANGE YAW: 90.0
17:16:04: [INFO] [/Users/User/Documents/WARG_Bootcamp/ishir-autonomy-bootcamp-2025-p2/modules/command/command.py | run | 119] Average velocity: (4.285714285714286, 2.857142857142857, 0.14285714285714285)
17:16:04: [INFO] [/Users/User/Documents/WARG_Bootcamp/ishir-autonomy-bootcamp-2025-p2/modules/command/command_worker.py | command_worker | 80] CHANGE YAW: 26.565051177077976
17:16:04: [INFO] [/Users/User/Documents/WARG_Bootcamp/ishir-autonomy-bootcamp-2025-p2/modules/command/command.py | run | 119] Average velocity: (4.0, 1.3333333333333333, 0.13333333333333333)
17:16:04: [INFO] [/Users/User/Documents/WARG_Bootcamp/ishir-autonomy-bootcamp-2025-p2/modules/command/command_worker.py | command_worker | 80] CHANGE YAW: 45.0
17:16:05: [INFO] [/Users/User/Documents/WARG_Bootcamp/ishir-autonomy-bootcamp-2025-p2/modules/command/command.py | run | 119] Average velocity: (3.75, 0.0, 0.125)
17:16:05: [INFO] [/Users/User/Documents/WARG_Bootcamp/ishir-autonomy-bootcamp-2025-p2/modules/command/command_worker.py | command_worker | 80] CHANGE YAW: 90.0
17:16:05: [INFO] [/Users/User/Documents/WARG_Bootcamp/ishir-autonomy-bootcamp-2025-p2/modules/command/command.py | run | 119] Average velocity: (2.3529411764705883, 0.0, 0.11764705882352941)
17:16:05: [INFO] [/Users/User/Documents/WARG_Bootcamp/ishir-autonomy-bootcamp-2025-p2/modules/command/command_worker.py | command_worker | 80] CHANGE YAW: 45.0
17:16:06: [INFO] [/Users/User/Documents/WARG_Bootcamp/ishir-autonomy-bootcamp-2025-p2/modules/command/command.py | run | 119] Average velocity: (1.1111111111111112, 0.0, 0.1111111111111111)
17:16:06: [INFO] [/Users/User/Documents/WARG_Bootcamp/ishir-autonomy-bootcamp-2025-p2/modules/command/command_worker.py | command_worker | 80] CHANGE YAW: 90.0
17:16:06: [INFO] [/Users/User/Documents/WARG_Bootcamp/ishir-autonomy-bootcamp-2025-p2/modules/command/command.py | run | 119] Average velocity: (0.0, 0.0, 0.10526315789473684)
17:16:06: [INFO] [/Users/User/Documents/WARG_Bootcamp/ishir-autonomy-bootcamp-2025-p2/modules/command/command_worker.py | command_worker | 80] CHANGE YAW: 135.0
17:16:07: [INFO] [/Users/User/Documents/WARG_Bootcamp/ishir-autonomy-bootcamp-2025-p2/modules/command/command.py | run | 119] Average velocity: (0.0, 1.0, 0.1)
17:16:07: [INFO] [/Users/User/Documents/WARG_Bootcamp/ishir-autonomy-bootcamp-2025-p2/modules/command/command_worker.py | command_worker | 80] CHANGE YAW: -26.565051177078004
17:16:07: [INFO] [/Users/User/Documents/WARG_Bootcamp/ishir-autonomy-bootcamp-2025-p2/modules/command/command.py | run | 119] Average velocity: (0.0, 1.9047619047619047, 0.09523809523809523)
17:16:07: [INFO] [/Users/User/Documents/WARG_Bootcamp/ishir-autonomy-bootcamp-2025-p2/modules/command/command_worker.py | command_worker | 80] CHANGE YAW: -45.0
17:16:08: [INFO] [/Users/User/Documents/WARG_Bootcamp/ishir-autonomy-bootcamp-2025-p2/modules/command/command.py | run | 119] Average velocity: (0.0, 2.727272727272727, 0.09090909090909091)
17:16:08: [INFO] [/Users/User/Documents/WARG_Bootcamp/ishir-autonomy-bootcamp-2025-p2/modules/command/command_worker.py | command_worker | 80] CHANGE YAW: -90.0
17:16:08: [INFO] [/Users/User/Documents/WARG_Bootcamp/ishir-autonomy-bootcamp-2025-p2/modules/command/command.py | run | 119] Average velocity: (0.8695652173913043, 2.608695652173913, 0.08695652173913043)
17:16:08: [INFO] [/Users/User/Documents/WARG_Bootcamp/ishir-autonomy-bootcamp-2025-p2/modules/command/command_worker.py | command_worker | 80] CHANGE YAW: -45.0
17:16:09: [INFO] [/Users/User/Documents/WARG_Bootcamp/ishir-autonomy-bootcamp-2025-p2/modules/command/command.py | run | 119] Average velocity: (1.6666666666666667, 2.5, 0.08333333333333333)
17:16:09: [INFO] [/Users/User/Documents/WARG_Bootcamp/ishir-autonomy-bootcamp-2025-p2/modules/command/command_worker.py | command_worker | 80] CHANGE YAW: -90.0
17:16:09: [INFO] [/Users/User/Documents/WARG_Bootcamp/ishir-autonomy-bootcamp-2025-p2/modules/command/command.py | run | 119] Average velocity: (2.4, 2.4, 0.08)
17:16:09: [INFO] [/Users/User/Documents/WARG_Bootcamp/ishir-autonomy-bootcamp-2025-p2/modules/command/command_worker.py | command_worker | 80] CHANGE YAW: -135.0
17:16:10: [INFO] [/Users/User/Documents/WARG_Bootcamp/ishir-autonomy-bootcamp-2025-p2/modules/command/command.py | run | 119] Average velocity: (2.3076923076923075, 1.5384615384615385, 0.07692307692307693)
17:16:10: [INFO] [/Users/User/Documents/WARG_Bootcamp/ishir-autonomy-bootcamp-2025-p2/modules/command/command_worker.py | command_worker | 80] CHANGE YAW: -63.43494882292201
17:16:10: [INFO] [/Users/User/Documents/WARG_Bootcamp/ishir-autonomy-bootcamp-2025-p2/modules/command/command.py | run | 119] Average velocity: (2.2222222222222223, 0.7407407407407407, 0.07407407407407407)
17:16:10: [INFO] [/Users/User/Documents/WARG_Bootcamp/ishir-autonomy-bootcamp-2025-p2/modules/command/command_worker.py | command_worker | 80] CHANGE YAW: -90.0
17:16:11: [INFO] [/Users/User/Documents/WARG_Bootcamp/ishir-autonomy-bootcamp-2025-p2/modules/command/command.py | run | 119] Average velocity: (2.142857142857143, 0.0, 0.07142857142857142)
17:16:11: [INFO] [/Users/User/Documents/WARG_Bootcamp/ishir-autonomy-bootcamp-2025-p2/modules/command/command_worker.py | command_worker | 80] CHANGE YAW: -116.56505117707798
17:16:11: [INFO] [/Users/User/Documents/WARG_Bootcamp/ishir-autonomy-bootcamp-2025-p2/modules/command/command.py | run | 119] Average velocity: (1.3793103448275863, 0.0, 0.06896551724137931)
17:16:11: [INFO] [/Users/User/Documents/WARG_Bootcamp/ishir-autonomy-bootcamp-2025-p2/modules/command/command_worker.py | command_worker | 80] CHANGE YAW: -45.0
17:16:12: [INFO] [/Users/User/Documents/WARG_Bootcamp/ishir-autonomy-bootcamp-2025-p2/modules/command/command.py | run | 119] Average velocity: (0.6666666666666666, 0.0, 0.06666666666666667)
17:16:12: [INFO] [/Users/User/Documents/WARG_Bootcamp/ishir-autonomy-bootcamp-2025-p2/modules/command/command_worker.py | command_worker | 80] CHANGE YAW: -63.43494882292201
17:16:12: [INFO] [/Users/User/Documents/WARG_Bootcamp/ishir-autonomy-bootcamp-2025-p2/modules/command/command.py | run | 119] Average velocity: (0.0, 0.0, 0.06451612903225806)
17:16:12: [INFO] [/Users/User/Documents/WARG_Bootcamp/ishir-autonomy-bootcamp-2025-p2/modules/command/command_worker.py | command_worker | 80] CHANGE YAW: -90.0
